\BOOKMARK [0][-]{chapter.1}{Background \046 Objectives}{}% 1
\BOOKMARK [1][-]{section.1.1}{Background}{chapter.1}% 2
\BOOKMARK [1][-]{section.1.2}{Analysis}{chapter.1}% 3
\BOOKMARK [1][-]{section.1.3}{Research Method and Software Process}{chapter.1}% 4
\BOOKMARK [0][-]{chapter.2}{Experiment Methods}{}% 5
\BOOKMARK [0][-]{chapter.3}{Software Design, Implementation and Testing}{}% 6
\BOOKMARK [1][-]{section.3.1}{Design}{chapter.3}% 7
\BOOKMARK [2][-]{subsection.3.1.1}{Overall Architecture}{section.3.1}% 8
\BOOKMARK [2][-]{subsection.3.1.2}{Some detailed design}{section.3.1}% 9
\BOOKMARK [2][-]{subsection.3.1.3}{User Interface}{section.3.1}% 10
\BOOKMARK [2][-]{subsection.3.1.4}{Other relevant sections}{section.3.1}% 11
\BOOKMARK [1][-]{section.3.2}{Implementation}{chapter.3}% 12
\BOOKMARK [1][-]{section.3.3}{Testing}{chapter.3}% 13
\BOOKMARK [2][-]{subsection.3.3.1}{Overall Approach to Testing}{section.3.3}% 14
\BOOKMARK [2][-]{subsection.3.3.2}{Automated Testing}{section.3.3}% 15
\BOOKMARK [2][-]{subsection.3.3.3}{Integration Testing}{section.3.3}% 16
\BOOKMARK [2][-]{subsection.3.3.4}{User Testing}{section.3.3}% 17
\BOOKMARK [0][-]{chapter.4}{Results and Conclusions}{}% 18
\BOOKMARK [0][-]{chapter.5}{Evaluation}{}% 19
\BOOKMARK [0][-]{chapter.5}{Appendices}{}% 20
\BOOKMARK [0][-]{appendix.A}{Third-Party Code and Libraries}{}% 21
\BOOKMARK [0][-]{appendix.B}{Ethics Submission}{}% 22
\BOOKMARK [0][-]{appendix.C}{Code Examples}{}% 23
\BOOKMARK [1][-]{section.C.1}{Random Number Generator}{appendix.C}% 24
\BOOKMARK [0][-]{section.C.1}{Annotated Bibliography}{}% 25
